{
  "0 debug pnpm:scope": {
    "selected": 1
  },
  "1 error pnpm": {
    "errno": 1,
    "code": "ELIFECYCLE",
    "pkgid": "study-webpack5@1.0.0",
    "stage": "dev",
    "script": "node ./scripts/dev.mjs",
    "pkgname": "study-webpack5",
    "err": {
      "name": "pnpm",
      "message": "study-webpack5@1.0.0 dev: `node ./scripts/dev.mjs`\nExit status 1",
      "code": "ELIFECYCLE",
      "stack": "pnpm: study-webpack5@1.0.0 dev: `node ./scripts/dev.mjs`\nExit status 1\n    at EventEmitter.<anonymous> (D:\\nvm\\v16.13.0\\node_modules\\pnpm\\dist\\pnpm.cjs:106952:20)\n    at EventEmitter.emit (node:events:390:28)\n    at ChildProcess.<anonymous> (D:\\nvm\\v16.13.0\\node_modules\\pnpm\\dist\\pnpm.cjs:93518:18)\n    at ChildProcess.emit (node:events:390:28)\n    at maybeClose (node:internal/child_process:1064:16)\n    at Process.ChildProcess._handle.onexit (node:internal/child_process:301:5)"
    }
  },
  "2 warn pnpm:global": " Local package.json exists, but node_modules missing, did you mean to install?"
}